<?xml version="1.0" encoding="UTF-8"?>
<!-- Generated by org.testng.reporters.JUnitReportReporter -->
<testsuite hostname="SC-201805181809" name="TestNG.NewTest" tests="2" failures="0" timestamp="16 Apr 2019 07:51:45 GMT" time="0.016" errors="0">
  <testcase name="f" time="0.015" classname="TestNG.NewTest"/>
  <testcase name="f" time="0.001" classname="TestNG.NewTest"/>
</testsuite> <!-- TestNG.NewTest -->
